<?xml version="1.0" encoding="UTF-8" ?>
<testsuite errors="0" failures="0" hostname="Nathan" name="test.PieceTest" skipped="0" tests="4" time="0.133" timestamp="2016-06-08T08:17:47">
  <properties>
    <property name="java.vendor" value="Oracle Corporation" />
    <property name="sun.java.launcher" value="SUN_STANDARD" />
    <property name="sun.management.compiler" value="HotSpot 64-Bit Tiered Compilers" />
    <property name="os.name" value="Windows 8.1" />
    <property name="sun.boot.class.path" value="C:\Program Files\Java\jdk1.8.0_60\jre\lib\resources.jar;C:\Program Files\Java\jdk1.8.0_60\jre\lib\rt.jar;C:\Program Files\Java\jdk1.8.0_60\jre\lib\sunrsasign.jar;C:\Program Files\Java\jdk1.8.0_60\jre\lib\jsse.jar;C:\Program Files\Java\jdk1.8.0_60\jre\lib\jce.jar;C:\Program Files\Java\jdk1.8.0_60\jre\lib\charsets.jar;C:\Program Files\Java\jdk1.8.0_60\jre\lib\jfr.jar;C:\Program Files\Java\jdk1.8.0_60\jre\classes" />
    <property name="sun.desktop" value="windows" />
    <property name="java.vm.specification.vendor" value="Oracle Corporation" />
    <property name="ant.home" value="C:\Program Files (x86)\Apache\apache-ant-1.9.7" />
    <property name="java.runtime.version" value="1.8.0_60-b27" />
    <property name="user.name" value="natha_000" />
    <property name="ant.file.jesuistropfort" value="C:\Users\natha_000\Dropbox\Dossier de l&apos;équipe Best Blokus Project\LAY RYDIN projet\Blokus\build.xml" />
    <property name="ant.file.type.jesuistropfort" value="file" />
    <property name="user.language" value="fr" />
    <property name="class.dir" value="C:\Users\natha_000\Dropbox\Dossier de l&apos;équipe Best Blokus Project\LAY RYDIN projet\Blokus\class" />
    <property name="test.report.dir" value="C:\Users\natha_000\Dropbox\Dossier de l&apos;équipe Best Blokus Project\LAY RYDIN projet\Blokus\test\testReport" />
    <property name="sun.boot.library.path" value="C:\Program Files\Java\jdk1.8.0_60\jre\bin" />
    <property name="ant.project.default-target" value="run" />
    <property name="ant.project.name" value="jesuistropfort" />
    <property name="java.version" value="1.8.0_60" />
    <property name="user.timezone" value="" />
    <property name="resources.dir" value="C:\Users\natha_000\Dropbox\Dossier de l&apos;équipe Best Blokus Project\LAY RYDIN projet\Blokus\resources" />
    <property name="sun.arch.data.model" value="64" />
    <property name="java.endorsed.dirs" value="C:\Program Files\Java\jdk1.8.0_60\jre\lib\endorsed" />
    <property name="sun.cpu.isalist" value="amd64" />
    <property name="sun.jnu.encoding" value="Cp1252" />
    <property name="file.encoding.pkg" value="sun.io" />
    <property name="file.separator" value="\" />
    <property name="java.specification.name" value="Java Platform API Specification" />
    <property name="test.html.dir" value="C:\Users\natha_000\Dropbox\Dossier de l&apos;équipe Best Blokus Project\LAY RYDIN projet\Blokus\test\html" />
    <property name="java.class.version" value="52.0" />
    <property name="user.country" value="FR" />
    <property name="java.home" value="C:\Program Files\Java\jdk1.8.0_60\jre" />
    <property name="java.vm.info" value="mixed mode" />
    <property name="ant.file" value="C:\Users\natha_000\Dropbox\Dossier de l&apos;équipe Best Blokus Project\LAY RYDIN projet\Blokus\build.xml" />
    <property name="os.version" value="6.3" />
    <property name="path.separator" value=";" />
    <property name="java.vm.version" value="25.60-b23" />
    <property name="user.variant" value="" />
    <property name="ant.library.dir" value="C:\Program Files (x86)\Apache\apache-ant-1.9.7\lib" />
    <property name="java.awt.printerjob" value="sun.awt.windows.WPrinterJob" />
    <property name="sun.io.unicode.encoding" value="UnicodeLittle" />
    <property name="awt.toolkit" value="sun.awt.windows.WToolkit" />
    <property name="sun.stdout.encoding" value="cp850" />
    <property name="user.script" value="" />
    <property name="user.home" value="C:\Users\natha_000" />
    <property name="java.specification.vendor" value="Oracle Corporation" />
    <property name="test.dir" value="C:\Users\natha_000\Dropbox\Dossier de l&apos;équipe Best Blokus Project\LAY RYDIN projet\Blokus\test" />
    <property name="java.library.path" value="C:\Program Files\Java\jdk1.8.0_60\jre\bin;C:\Windows\Sun\Java\bin;C:\Windows\system32;C:\Windows;C:\Program Files (x86)\NVIDIA Corporation\PhysX\Common;C:\ProgramData\Oracle\Java\javapath;C:\Program Files (x86)\Intel\iCLS Client\;C:\Program Files\Intel\iCLS Client\;C:\Program Files\Broadcom\Broadcom 802.11 Network Adapter;C:\Windows\system32;C:\Windows;C:\Windows\System32\Wbem;C:\Windows\System32\WindowsPowerShell\v1.0\;C:\Program Files\WIDCOMM\Bluetooth Software\;C:\Program Files\WIDCOMM\Bluetooth Software\syswow64;C:\Program Files\Intel\Intel(R) Management Engine Components\DAL;C:\Program Files\Intel\Intel(R) Management Engine Components\IPT;C:\Program Files (x86)\Intel\Intel(R) Management Engine Components\DAL;C:\Program Files (x86)\Intel\Intel(R) Management Engine Components\IPT;C:\Program Files\Java\jdk1.8.0_60\bin;C:\Program Files (x86)\Skype\Phone\;C:\Program Files (x86)\Windows Live\Shared;C:\Program Files (x86)\Apache\apache-ant-1.9.7\bin;." />
    <property name="java.vendor.url" value="http://java.oracle.com/" />
    <property name="java.vm.vendor" value="Oracle Corporation" />
    <property name="java.runtime.name" value="Java(TM) SE Runtime Environment" />
    <property name="sun.java.command" value="org.apache.tools.ant.taskdefs.optional.junit.JUnitTestRunner test.PieceTest skipNonTests=false filtertrace=true haltOnError=false haltOnFailure=false formatter=org.apache.tools.ant.taskdefs.optional.junit.SummaryJUnitResultFormatter showoutput=false outputtoformatters=true logfailedtests=true threadid=0 logtestlistenerevents=false formatter=org.apache.tools.ant.taskdefs.optional.junit.XMLJUnitResultFormatter,C:\Users\natha_000\Dropbox\Dossier de l&apos;équipe Best Blokus Project\LAY RYDIN projet\Blokus\test\testReport\TEST-test.PieceTest.xml crashfile=C:\Users\natha_000\Dropbox\Dossier de l&apos;équipe Best Blokus Project\LAY RYDIN projet\Blokus\junitvmwatcher4274483798420909440.properties propsfile=C:\Users\natha_000\Dropbox\Dossier de l&apos;équipe Best Blokus Project\LAY RYDIN projet\Blokus\junit8476117168336535376.properties" />
    <property name="java.class.path" value="C:\Users\natha_000\Dropbox\Dossier de l&apos;équipe Best Blokus Project\LAY RYDIN projet\Blokus\lib\junit-4.12.jar;C:\Users\natha_000\Dropbox\Dossier de l&apos;équipe Best Blokus Project\LAY RYDIN projet\Blokus\lib\hamcrest-core-1.3.jar;C:\Users\natha_000\Dropbox\Dossier de l&apos;équipe Best Blokus Project\LAY RYDIN projet\Blokus\class;C:\Program Files (x86)\Apache\apache-ant-1.9.7\lib\junit-4.11.jar;C:\Program Files (x86)\Apache\apache-ant-1.9.7\lib\ant-launcher.jar;C:\Program Files (x86)\Apache\apache-ant-1.9.7\lib\ant.jar;C:\Program Files (x86)\Apache\apache-ant-1.9.7\lib\ant-junit.jar;C:\Program Files (x86)\Apache\apache-ant-1.9.7\lib\ant-junit4.jar" />
    <property name="ant.version" value="Apache Ant(TM) version 1.9.7 compiled on April 9 2016" />
    <property name="java.vm.specification.name" value="Java Virtual Machine Specification" />
    <property name="ant.file.type" value="file" />
    <property name="java.vm.specification.version" value="1.8" />
    <property name="sun.cpu.endian" value="little" />
    <property name="sun.os.patch.level" value="" />
    <property name="java.io.tmpdir" value="C:\Users\NATHA_~1\AppData\Local\Temp\" />
    <property name="java.vendor.url.bug" value="http://bugreport.sun.com/bugreport/" />
    <property name="os.arch" value="amd64" />
    <property name="java.awt.graphicsenv" value="sun.awt.Win32GraphicsEnvironment" />
    <property name="java.ext.dirs" value="C:\Program Files\Java\jdk1.8.0_60\jre\lib\ext;C:\Windows\Sun\Java\lib\ext" />
    <property name="user.dir" value="C:\Users\natha_000\Dropbox\Dossier de l&apos;équipe Best Blokus Project\LAY RYDIN projet\Blokus" />
    <property name="line.separator" value="&#xd;&#xa;" />
    <property name="java.vm.name" value="Java HotSpot(TM) 64-Bit Server VM" />
    <property name="basedir" value="C:\Users\natha_000\Dropbox\Dossier de l&apos;équipe Best Blokus Project\LAY RYDIN projet\Blokus" />
    <property name="ant.java.version" value="1.8" />
    <property name="ant.core.lib" value="C:\Program Files (x86)\Apache\apache-ant-1.9.7\lib\ant.jar" />
    <property name="file.encoding" value="Cp1252" />
    <property name="sun.stderr.encoding" value="cp850" />
    <property name="java.specification.version" value="1.8" />
    <property name="src.dir" value="C:\Users\natha_000\Dropbox\Dossier de l&apos;équipe Best Blokus Project\LAY RYDIN projet\Blokus\src" />
    <property name="ant.project.invoked-targets" value="test-report" />
  </properties>
  <testcase classname="test.PieceTest" name="testEquals2" time="0.003" />
  <testcase classname="test.PieceTest" name="testConstructor1" time="0.0" />
  <testcase classname="test.PieceTest" name="testConstructor2" time="0.0" />
  <testcase classname="test.PieceTest" name="testEquals" time="0.004" />
  <system-out><![CDATA[]]></system-out>
  <system-err><![CDATA[]]></system-err>
</testsuite>
